<?xml version="1.0" encoding="UTF-8"?>
<!-- Generated by org.testng.reporters.JUnitXMLReporter -->
<testsuite hostname="Sreeni" name="Default test" tests="5" failures="0" timestamp="7 Jan 2021 09:37:44 GMT" time="15.579" errors="0">
  <testcase name="getSingleProject" time="6.206" classname="restAssured.api.projectScripts.GetSingleProjectWithProjectId"/>
  <testcase name="addSingleProjectWithOngoingStatus" time="0.13" classname="restAssured.api.projectScripts.AddSingleProjectWithOngoing"/>
  <testcase name="addSingleProject" time="8.261" classname="restAssured.api.projectScripts.AddSingleProjectWithCreated"/>
  <testcase name="addProjectwithCompleted" time="0.534" classname="restAssured.api.projectScripts.AddProjectWithCompletedStatus"/>
  <testcase name="getAllProjects" time="0.358" classname="restAssured.api.projectScripts.GetAllProjects"/>
</testsuite> <!-- Default test -->
